C:\LABORATORY\PROJECTS\AILOVE-KINECT\FACETRACKING\INT\SINGLEFACE\X86\DEBUG\EGGAVATAR.OBJ
C:\LABORATORY\PROJECTS\AILOVE-KINECT\FACETRACKING\INT\SINGLEFACE\X86\DEBUG\FTHELPER.OBJ
C:\LABORATORY\PROJECTS\AILOVE-KINECT\FACETRACKING\INT\SINGLEFACE\X86\DEBUG\KINECTSENSOR.OBJ
C:\LABORATORY\PROJECTS\AILOVE-KINECT\FACETRACKING\INT\SINGLEFACE\X86\DEBUG\SINGLEFACE.EXE.EMBED.MANIFEST
C:\LABORATORY\PROJECTS\AILOVE-KINECT\FACETRACKING\INT\SINGLEFACE\X86\DEBUG\SINGLEFACE.EXE.EMBED.MANIFEST.RES
C:\LABORATORY\PROJECTS\AILOVE-KINECT\FACETRACKING\INT\SINGLEFACE\X86\DEBUG\SINGLEFACE.EXE.INTERMEDIATE.MANIFEST
C:\LABORATORY\PROJECTS\AILOVE-KINECT\FACETRACKING\INT\SINGLEFACE\X86\DEBUG\SINGLEFACE.OBJ
C:\LABORATORY\PROJECTS\AILOVE-KINECT\FACETRACKING\INT\SINGLEFACE\X86\DEBUG\SINGLEFACE.PCH
C:\LABORATORY\PROJECTS\AILOVE-KINECT\FACETRACKING\INT\SINGLEFACE\X86\DEBUG\SINGLEFACE.RES
C:\LABORATORY\PROJECTS\AILOVE-KINECT\FACETRACKING\INT\SINGLEFACE\X86\DEBUG\STDAFX.OBJ
C:\LABORATORY\PROJECTS\AILOVE-KINECT\FACETRACKING\INT\SINGLEFACE\X86\DEBUG\VC100.PDB
C:\LABORATORY\PROJECTS\AILOVE-KINECT\FACETRACKING\INT\SINGLEFACE\X86\DEBUG\VISUALIZE.OBJ
C:\LABORATORY\PROJECTS\AILOVE-KINECT\FACETRACKING\OUT\SINGLEFACE\X86\DEBUG\SINGLEFACE.EXE
C:\LABORATORY\PROJECTS\AILOVE-KINECT\FACETRACKING\OUT\SINGLEFACE\X86\DEBUG\SINGLEFACE.ILK
C:\LABORATORY\PROJECTS\AILOVE-KINECT\FACETRACKING\OUT\SINGLEFACE\X86\DEBUG\SINGLEFACE.PDB
C:\LABORATORY\PROJECTS\AILOVE-KINECT\FACETRACKINGVISUALIZATION\INT\SINGLEFACE\X86\DEBUG\SINGLEFACE.PCH
C:\LABORATORY\PROJECTS\AILOVE-KINECT\FACETRACKINGVISUALIZATION\INT\SINGLEFACE\X86\DEBUG\STDAFX.OBJ
C:\LABORATORY\PROJECTS\AILOVE-KINECT\FACETRACKINGVISUALIZATION\INT\SINGLEFACE\X86\DEBUG\VC100.PDB
C:\Laboratory\Projects\Kinect\FaceTracking\Int\SingleFace\x86\Debug\cl.command.1.tlog
C:\Laboratory\Projects\Kinect\FaceTracking\Int\SingleFace\x86\Debug\CL.read.1.tlog
C:\Laboratory\Projects\Kinect\FaceTracking\Int\SingleFace\x86\Debug\CL.write.1.tlog
C:\LABORATORY\PROJECTS\KINECT\FACETRACKING\INT\SINGLEFACE\X86\DEBUG\EGGAVATAR.OBJ
C:\LABORATORY\PROJECTS\KINECT\FACETRACKING\INT\SINGLEFACE\X86\DEBUG\FTHELPER.OBJ
C:\LABORATORY\PROJECTS\KINECT\FACETRACKING\INT\SINGLEFACE\X86\DEBUG\KINECTSENSOR.OBJ
C:\Laboratory\Projects\Kinect\FaceTracking\Int\SingleFace\x86\Debug\link.command.1.tlog
C:\Laboratory\Projects\Kinect\FaceTracking\Int\SingleFace\x86\Debug\link.read.1.tlog
C:\Laboratory\Projects\Kinect\FaceTracking\Int\SingleFace\x86\Debug\link.write.1.tlog
C:\Laboratory\Projects\Kinect\FaceTracking\Int\SingleFace\x86\Debug\link-cvtres.read.1.tlog
C:\Laboratory\Projects\Kinect\FaceTracking\Int\SingleFace\x86\Debug\link-cvtres.write.1.tlog
C:\Laboratory\Projects\Kinect\FaceTracking\Int\SingleFace\x86\Debug\mt.command.1.tlog
C:\Laboratory\Projects\Kinect\FaceTracking\Int\SingleFace\x86\Debug\mt.read.1.tlog
C:\Laboratory\Projects\Kinect\FaceTracking\Int\SingleFace\x86\Debug\mt.write.1.tlog
C:\Laboratory\Projects\Kinect\FaceTracking\Int\SingleFace\x86\Debug\rc.command.1.tlog
C:\Laboratory\Projects\Kinect\FaceTracking\Int\SingleFace\x86\Debug\rc.read.1.tlog
C:\Laboratory\Projects\Kinect\FaceTracking\Int\SingleFace\x86\Debug\rc.write.1.tlog
C:\Laboratory\Projects\Kinect\FaceTracking\Int\SingleFace\x86\Debug\SingleFace.exe.embed.manifest
C:\Laboratory\Projects\Kinect\FaceTracking\Int\SingleFace\x86\Debug\SingleFace.exe.intermediate.manifest
C:\LABORATORY\PROJECTS\KINECT\FACETRACKING\INT\SINGLEFACE\X86\DEBUG\SINGLEFACE.OBJ
C:\LABORATORY\PROJECTS\KINECT\FACETRACKING\INT\SINGLEFACE\X86\DEBUG\SINGLEFACE.PCH
C:\LABORATORY\PROJECTS\KINECT\FACETRACKING\INT\SINGLEFACE\X86\DEBUG\SINGLEFACE.RES
C:\Laboratory\Projects\Kinect\FaceTracking\Int\SingleFace\x86\Debug\SingleFace_manifest.rc
C:\LABORATORY\PROJECTS\KINECT\FACETRACKING\INT\SINGLEFACE\X86\DEBUG\STDAFX.OBJ
C:\Laboratory\Projects\Kinect\FaceTracking\Int\SingleFace\x86\Debug\vc100.idb
C:\LABORATORY\PROJECTS\KINECT\FACETRACKING\INT\SINGLEFACE\X86\DEBUG\VC100.PDB
C:\LABORATORY\PROJECTS\KINECT\FACETRACKING\INT\SINGLEFACE\X86\DEBUG\VISUALIZE.OBJ
C:\Laboratory\Projects\Kinect\FaceTracking\Out\SingleFace\x86\Debug\SingleFace.exe
C:\Laboratory\Projects\Kinect\FaceTracking\Out\SingleFace\x86\Debug\SingleFace.ilk
C:\Laboratory\Projects\Kinect\FaceTracking\Out\SingleFace\x86\Debug\SingleFace.pdb
