Build started 11.06.2012 23:33:26.
     1>Project "C:\Laboratory\Projects\Kinect\FaceTracking\SingleFace\SingleFace.vcxproj" on node 2 (build target(s)).
     1>InitializeBuildStatus:
         Creating "C:\Laboratory\Projects\Kinect\FaceTracking\Int\SingleFace\x86\Debug\SingleFace.unsuccessfulbuild" because "AlwaysCreate" was specified.
       ClCompile:
         All outputs are up-to-date.
         c:\Program Files (x86)\Microsoft Visual Studio 10.0\VC\bin\CL.exe /c /I"C:\Program Files\Microsoft SDKs\Kinect\v1.5\\inc" /IC:\Laboratory\Projects\Kinect\FaceTracking\SingleFace\\FTSDK\inc /I"C:\Program Files\Microsoft SDKs\Kinect\v1.5\\inc" /IC:\Laboratory\Projects\Kinect\FaceTracking\\FTSDK\inc /I"c:\Program Files (x86)\Microsoft Visual Studio 10.0\VC\include" /I"c:\Program Files (x86)\Microsoft Visual Studio 10.0\VC\atlmfc\include" /I"c:\Program Files (x86)\Microsoft SDKs\Windows\v7.0A\include" /I"c:\Program Files (x86)\Microsoft SDKs\Windows\v7.0A\\include" /ZI /nologo /W3 /WX- /Od /Oy- /D WIN32 /D _DEBUG /D _WINDOWS /D _UNICODE /D UNICODE /Gm /EHsc /RTC1 /MDd /GS /fp:precise /Zc:wchar_t /Zc:forScope /Yu"StdAfx.h" /Fp"C:\Laboratory\Projects\Kinect\FaceTracking\Int\SingleFace\x86\Debug\SingleFace.pch" /Fo"C:\Laboratory\Projects\Kinect\FaceTracking\Int\SingleFace\x86\Debug\\" /Fd"C:\Laboratory\Projects\Kinect\FaceTracking\Int\SingleFace\x86\Debug\vc100.pdb" /Gd /TP /analyze- /errorReport:prompt Visualize.cpp
         Visualize.cpp
       ResourceCompile:
         All outputs are up-to-date.
       ManifestResourceCompile:
         All outputs are up-to-date.
       Link:
         c:\Program Files (x86)\Microsoft Visual Studio 10.0\VC\bin\link.exe /ERRORREPORT:PROMPT /OUT:"C:\Laboratory\Projects\Kinect\FaceTracking\Out\SingleFace\x86\Debug\SingleFace.exe" /INCREMENTAL /NOLOGO /LIBPATH:C:\Laboratory\Projects\Kinect\FaceTracking\SingleFace\\FTSDK\Lib\x86 /LIBPATH:"C:\Program Files\Microsoft SDKs\Kinect\v1.5\\Lib\x86" /LIBPATH:C:\Laboratory\Projects\Kinect\FaceTracking\\FTSDK\Lib\x86 /LIBPATH:"C:\Program Files\Microsoft SDKs\Kinect\v1.5\\Lib\x86" /LIBPATH:"c:\Program Files (x86)\Microsoft Visual Studio 10.0\VC\lib" /LIBPATH:"c:\Program Files (x86)\Microsoft Visual Studio 10.0\VC\atlmfc\lib" /LIBPATH:"c:\Program Files (x86)\Microsoft SDKs\Windows\v7.0A\lib" /LIBPATH:"c:\Program Files (x86)\Microsoft SDKs\Windows\v7.0A\\lib" FaceTrackLib.lib Kinect10.lib kernel32.lib user32.lib gdi32.lib winspool.lib comdlg32.lib advapi32.lib shell32.lib ole32.lib oleaut32.lib uuid.lib odbc32.lib odbccp32.lib /MANIFEST /ManifestFile:"C:\Laboratory\Projects\Kinect\FaceTracking\Int\SingleFace\x86\Debug\SingleFace.exe.intermediate.manifest" /MANIFESTUAC:"level='asInvoker' uiAccess='false'" /DEBUG /PDB:"C:\Laboratory\Projects\Kinect\FaceTracking\Out\SingleFace\x86\Debug\SingleFace.pdb" /SUBSYSTEM:WINDOWS /TLBID:1 /DYNAMICBASE /NXCOMPAT /IMPLIB:"C:\Laboratory\Projects\Kinect\FaceTracking\Out\SingleFace\x86\Debug\SingleFace.lib" /MACHINE:X86 C:\Laboratory\Projects\Kinect\FaceTracking\Int\SingleFace\x86\Debug\SingleFace.res
         C:\Laboratory\Projects\Kinect\FaceTracking\Int\SingleFace\x86\Debug\SingleFace.exe.embed.manifest.res
         C:\Laboratory\Projects\Kinect\FaceTracking\Int\SingleFace\x86\Debug\eggavatar.obj
         C:\Laboratory\Projects\Kinect\FaceTracking\Int\SingleFace\x86\Debug\SingleFace.obj
         C:\Laboratory\Projects\Kinect\FaceTracking\Int\SingleFace\x86\Debug\FTHelper.obj
         C:\Laboratory\Projects\Kinect\FaceTracking\Int\SingleFace\x86\Debug\KinectSensor.obj
         C:\Laboratory\Projects\Kinect\FaceTracking\Int\SingleFace\x86\Debug\stdafx.obj
         C:\Laboratory\Projects\Kinect\FaceTracking\Int\SingleFace\x86\Debug\Visualize.obj
       Manifest:
         c:\Program Files (x86)\Microsoft SDKs\Windows\v7.0A\bin\mt.exe /nologo /verbose /out:"C:\Laboratory\Projects\Kinect\FaceTracking\Int\SingleFace\x86\Debug\SingleFace.exe.embed.manifest" /manifest C:\Laboratory\Projects\Kinect\FaceTracking\Int\SingleFace\x86\Debug\SingleFace.exe.intermediate.manifest
         All outputs are up-to-date.
       LinkEmbedManifest:
         All outputs are up-to-date.
         SingleFace.vcxproj -> C:\Laboratory\Projects\Kinect\FaceTracking\Out\SingleFace\x86\Debug\SingleFace.exe
       PostBuildEvent:
         xcopy "C:\Program Files\Microsoft SDKs\Kinect\Developer Toolkit v1.5.0\Redist\x86\FaceTrackLib.dll" "C:\Laboratory\Projects\Kinect\FaceTracking\Out\SingleFace\x86\Debug\" /eiycq
         xcopy "C:\Program Files\Microsoft SDKs\Kinect\Developer Toolkit v1.5.0\Redist\x86\FaceTrackData.dll" "C:\Laboratory\Projects\Kinect\FaceTracking\Out\SingleFace\x86\Debug\" /eiycq
         
         :VCEnd
         Скопировано файлов: 1.
         Скопировано файлов: 1.
       FinalizeBuildStatus:
         Deleting file "C:\Laboratory\Projects\Kinect\FaceTracking\Int\SingleFace\x86\Debug\SingleFace.unsuccessfulbuild".
         Touching "C:\Laboratory\Projects\Kinect\FaceTracking\Int\SingleFace\x86\Debug\SingleFace.lastbuildstate".
     1>Done Building Project "C:\Laboratory\Projects\Kinect\FaceTracking\SingleFace\SingleFace.vcxproj" (build target(s)).

Build succeeded.

Time Elapsed 00:00:01.21
